# JRE version: OpenJDK Runtime Environment (8.0_152-b01) (build 1.8.0_152-release-915-b01)
# Java VM: OpenJDK 64-Bit Server VM (25.152-b01 mixed mode windows-amd64 compressed oops)
Heap:
 PSYoungGen      total 38400K, used 13844K [0x00000000e0000000, 0x00000000e4480000, 0x0000000100000000)
  eden space 33280K, 26% used [0x00000000e0000000,0x00000000e088be08,0x00000000e2080000)
  from space 5120K, 99% used [0x00000000e2580000,0x00000000e2a793a0,0x00000000e2a80000)
  to   space 5120K, 0% used [0x00000000e2080000,0x00000000e2080000,0x00000000e2580000)
 ParOldGen       total 58368K, used 12240K [0x00000000a0000000, 0x00000000a3900000, 0x00000000e0000000)
  object space 58368K, 20% used [0x00000000a0000000,0x00000000a0bf4298,0x00000000a3900000)
 Metaspace       used 26546K, capacity 27038K, committed 27440K, reserved 1073152K
  class space    used 3386K, capacity 3539K, committed 3632K, reserved 1048576K
GC Heap History (10 events):
Event: 0.392 GC heap before
{Heap before GC invocations=2 (full 1):
 PSYoungGen      total 38400K, used 2790K [0x00000000e0000000, 0x00000000e2a80000, 0x0000000100000000)
  eden space 33280K, 0% used [0x00000000e0000000,0x00000000e0000000,0x00000000e2080000)
  from space 5120K, 54% used [0x00000000e2080000,0x00000000e2339be8,0x00000000e2580000)
  to   space 5120K, 0% used [0x00000000e2580000,0x00000000e2580000,0x00000000e2a80000)
 ParOldGen       total 87552K, used 8K [0x00000000a0000000, 0x00000000a5580000, 0x00000000e0000000)
  object space 87552K, 0% used [0x00000000a0000000,0x00000000a0002000,0x00000000a5580000)
 Metaspace       used 8901K, capacity 9058K, committed 9216K, reserved 1056768K
  class space    used 952K, capacity 1023K, committed 1024K, reserved 1048576K
Event: 0.401 GC heap after
Heap after GC invocations=2 (full 1):
 PSYoungGen      total 38400K, used 0K [0x00000000e0000000, 0x00000000e2a80000, 0x0000000100000000)
  eden space 33280K, 0% used [0x00000000e0000000,0x00000000e0000000,0x00000000e2080000)
  from space 5120K, 0% used [0x00000000e2080000,0x00000000e2080000,0x00000000e2580000)
  to   space 5120K, 0% used [0x00000000e2580000,0x00000000e2580000,0x00000000e2a80000)
 ParOldGen       total 87552K, used 2621K [0x00000000a0000000, 0x00000000a5580000, 0x00000000e0000000)
  object space 87552K, 2% used [0x00000000a0000000,0x00000000a028f650,0x00000000a5580000)
 Metaspace       used 8901K, capacity 9058K, committed 9216K, reserved 1056768K
  class space    used 952K, capacity 1023K, committed 1024K, reserved 1048576K
}
Event: 6.881 GC heap before
{Heap before GC invocations=3 (full 1):
 PSYoungGen      total 38400K, used 33280K [0x00000000e0000000, 0x00000000e2a80000, 0x0000000100000000)
  eden space 33280K, 100% used [0x00000000e0000000,0x00000000e2080000,0x00000000e2080000)
  from space 5120K, 0% used [0x00000000e2080000,0x00000000e2080000,0x00000000e2580000)
  to   space 5120K, 0% used [0x00000000e2580000,0x00000000e2580000,0x00000000e2a80000)
 ParOldGen       total 87552K, used 2621K [0x00000000a0000000, 0x00000000a5580000, 0x00000000e0000000)
  object space 87552K, 2% used [0x00000000a0000000,0x00000000a028f650,0x00000000a5580000)
 Metaspace       used 13998K, capacity 14208K, committed 14336K, reserved 1062912K
  class space    used 1621K, capacity 1692K, committed 1792K, reserved 1048576K
Event: 6.887 GC heap after
Heap after GC invocations=3 (full 1):
 PSYoungGen      total 38400K, used 5099K [0x00000000e0000000, 0x00000000e2a80000, 0x0000000100000000)
  eden space 33280K, 0% used [0x00000000e0000000,0x00000000e0000000,0x00000000e2080000)
  from space 5120K, 99% used [0x00000000e2580000,0x00000000e2a7acf8,0x00000000e2a80000)
  to   space 5120K, 0% used [0x00000000e2080000,0x00000000e2080000,0x00000000e2580000)
 ParOldGen       total 87552K, used 4715K [0x00000000a0000000, 0x00000000a5580000, 0x00000000e0000000)
  object space 87552K, 5% used [0x00000000a0000000,0x00000000a049af48,0x00000000a5580000)
 Metaspace       used 13998K, capacity 14208K, committed 14336K, reserved 1062912K
  class space    used 1621K, capacity 1692K, committed 1792K, reserved 1048576K
}
Event: 7.306 GC heap before
{Heap before GC invocations=4 (full 1):
 PSYoungGen      total 38400K, used 34649K [0x00000000e0000000, 0x00000000e2a80000, 0x0000000100000000)
  eden space 33280K, 88% used [0x00000000e0000000,0x00000000e1cdb940,0x00000000e2080000)
  from space 5120K, 99% used [0x00000000e2580000,0x00000000e2a7acf8,0x00000000e2a80000)
  to   space 5120K, 0% used [0x00000000e2080000,0x00000000e2080000,0x00000000e2580000)
 ParOldGen       total 87552K, used 4715K [0x00000000a0000000, 0x00000000a5580000, 0x00000000e0000000)
  object space 87552K, 5% used [0x00000000a0000000,0x00000000a049af48,0x00000000a5580000)
 Metaspace       used 20809K, capacity 21142K, committed 21296K, reserved 1069056K
  class space    used 2498K, capacity 2589K, committed 2608K, reserved 1048576K
Event: 7.314 GC heap after
Heap after GC invocations=4 (full 1):
 PSYoungGen      total 38400K, used 5090K [0x00000000e0000000, 0x00000000e2a80000, 0x0000000100000000)
  eden space 33280K, 0% used [0x00000000e0000000,0x00000000e0000000,0x00000000e2080000)
  from space 5120K, 99% used [0x00000000e2080000,0x00000000e2578b40,0x00000000e2580000)
  to   space 5120K, 0% used [0x00000000e2580000,0x00000000e2580000,0x00000000e2a80000)
 ParOldGen       total 87552K, used 8764K [0x00000000a0000000, 0x00000000a5580000, 0x00000000e0000000)
  object space 87552K, 10% used [0x00000000a0000000,0x00000000a088f230,0x00000000a5580000)
 Metaspace       used 20809K, capacity 21142K, committed 21296K, reserved 1069056K
  class space    used 2498K, capacity 2589K, committed 2608K, reserved 1048576K
}
Event: 7.314 GC heap before
{Heap before GC invocations=5 (full 2):
 PSYoungGen      total 38400K, used 5090K [0x00000000e0000000, 0x00000000e2a80000, 0x0000000100000000)
  eden space 33280K, 0% used [0x00000000e0000000,0x00000000e0000000,0x00000000e2080000)
  from space 5120K, 99% used [0x00000000e2080000,0x00000000e2578b40,0x00000000e2580000)
  to   space 5120K, 0% used [0x00000000e2580000,0x00000000e2580000,0x00000000e2a80000)
 ParOldGen       total 87552K, used 8764K [0x00000000a0000000, 0x00000000a5580000, 0x00000000e0000000)
  object space 87552K, 10% used [0x00000000a0000000,0x00000000a088f230,0x00000000a5580000)
 Metaspace       used 20809K, capacity 21142K, committed 21296K, reserved 1069056K
  class space    used 2498K, capacity 2589K, committed 2608K, reserved 1048576K
Event: 7.339 GC heap after
Heap after GC invocations=5 (full 2):
 PSYoungGen      total 38400K, used 0K [0x00000000e0000000, 0x00000000e2a80000, 0x0000000100000000)
  eden space 33280K, 0% used [0x00000000e0000000,0x00000000e0000000,0x00000000e2080000)
  from space 5120K, 0% used [0x00000000e2080000,0x00000000e2080000,0x00000000e2580000)
  to   space 5120K, 0% used [0x00000000e2580000,0x00000000e2580000,0x00000000e2a80000)
 ParOldGen       total 58368K, used 10140K [0x00000000a0000000, 0x00000000a3900000, 0x00000000e0000000)
  object space 58368K, 17% used [0x00000000a0000000,0x00000000a09e7138,0x00000000a3900000)
 Metaspace       used 20809K, capacity 21142K, committed 21296K, reserved 1069056K
  class space    used 2498K, capacity 2589K, committed 2608K, reserved 1048576K
}
Event: 7.701 GC heap before
{Heap before GC invocations=6 (full 2):
 PSYoungGen      total 38400K, used 33280K [0x00000000e0000000, 0x00000000e2a80000, 0x0000000100000000)
  eden space 33280K, 100% used [0x00000000e0000000,0x00000000e2080000,0x00000000e2080000)
  from space 5120K, 0% used [0x00000000e2080000,0x00000000e2080000,0x00000000e2580000)
  to   space 5120K, 0% used [0x00000000e2580000,0x00000000e2580000,0x00000000e2a80000)
 ParOldGen       total 58368K, used 10140K [0x00000000a0000000, 0x00000000a3900000, 0x00000000e0000000)
  object space 58368K, 17% used [0x00000000a0000000,0x00000000a09e7138,0x00000000a3900000)
 Metaspace       used 24957K, capacity 25468K, committed 25648K, reserved 1071104K
  class space    used 3168K, capacity 3314K, committed 3376K, reserved 1048576K
Event: 7.711 GC heap after
Heap after GC invocations=6 (full 2):
 PSYoungGen      total 38400K, used 5092K [0x00000000e0000000, 0x00000000e4480000, 0x0000000100000000)
  eden space 33280K, 0% used [0x00000000e0000000,0x00000000e0000000,0x00000000e2080000)
  from space 5120K, 99% used [0x00000000e2580000,0x00000000e2a793a0,0x00000000e2a80000)
  to   space 5120K, 0% used [0x00000000e2080000,0x00000000e2080000,0x00000000e2580000)
 ParOldGen       total 58368K, used 12240K [0x00000000a0000000, 0x00000000a3900000, 0x00000000e0000000)
  object space 58368K, 20% used [0x00000000a0000000,0x00000000a0bf4298,0x00000000a3900000)
 Metaspace       used 24957K, capacity 25468K, committed 25648K, reserved 1071104K
  class space    used 3168K, capacity 3314K, committed 3376K, reserved 1048576K
}

