# JRE version: OpenJDK Runtime Environment (8.0_152-b01) (build 1.8.0_152-release-915-b01)
# Java VM: OpenJDK 64-Bit Server VM (25.152-b01 mixed mode windows-amd64 compressed oops)
Heap:
 PSYoungGen      total 38400K, used 13101K [0x00000000e0000000, 0x00000000e2a80000, 0x0000000100000000)
  eden space 33280K, 24% used [0x00000000e0000000,0x00000000e07d1178,0x00000000e2080000)
  from space 5120K, 99% used [0x00000000e2580000,0x00000000e2a7a3b0,0x00000000e2a80000)
  to   space 5120K, 0% used [0x00000000e2080000,0x00000000e2080000,0x00000000e2580000)
 ParOldGen       total 55808K, used 6953K [0x00000000a0000000, 0x00000000a3680000, 0x00000000e0000000)
  object space 55808K, 12% used [0x00000000a0000000,0x00000000a06ca648,0x00000000a3680000)
 Metaspace       used 24030K, capacity 24456K, committed 24704K, reserved 1071104K
  class space    used 3023K, capacity 3156K, committed 3200K, reserved 1048576K
GC Heap History (10 events):
Event: 0.549 GC heap before
{Heap before GC invocations=2 (full 1):
 PSYoungGen      total 38400K, used 2758K [0x00000000e0000000, 0x00000000e2a80000, 0x0000000100000000)
  eden space 33280K, 0% used [0x00000000e0000000,0x00000000e0000000,0x00000000e2080000)
  from space 5120K, 53% used [0x00000000e2080000,0x00000000e2331be8,0x00000000e2580000)
  to   space 5120K, 0% used [0x00000000e2580000,0x00000000e2580000,0x00000000e2a80000)
 ParOldGen       total 87552K, used 8K [0x00000000a0000000, 0x00000000a5580000, 0x00000000e0000000)
  object space 87552K, 0% used [0x00000000a0000000,0x00000000a0002000,0x00000000a5580000)
 Metaspace       used 8972K, capacity 9122K, committed 9216K, reserved 1056768K
  class space    used 956K, capacity 1023K, committed 1024K, reserved 1048576K
Event: 0.562 GC heap after
Heap after GC invocations=2 (full 1):
 PSYoungGen      total 38400K, used 0K [0x00000000e0000000, 0x00000000e2a80000, 0x0000000100000000)
  eden space 33280K, 0% used [0x00000000e0000000,0x00000000e0000000,0x00000000e2080000)
  from space 5120K, 0% used [0x00000000e2080000,0x00000000e2080000,0x00000000e2580000)
  to   space 5120K, 0% used [0x00000000e2580000,0x00000000e2580000,0x00000000e2a80000)
 ParOldGen       total 87552K, used 2622K [0x00000000a0000000, 0x00000000a5580000, 0x00000000e0000000)
  object space 87552K, 2% used [0x00000000a0000000,0x00000000a028fae0,0x00000000a5580000)
 Metaspace       used 8972K, capacity 9122K, committed 9216K, reserved 1056768K
  class space    used 956K, capacity 1023K, committed 1024K, reserved 1048576K
}
Event: 2.012 GC heap before
{Heap before GC invocations=3 (full 1):
 PSYoungGen      total 38400K, used 33280K [0x00000000e0000000, 0x00000000e2a80000, 0x0000000100000000)
  eden space 33280K, 100% used [0x00000000e0000000,0x00000000e2080000,0x00000000e2080000)
  from space 5120K, 0% used [0x00000000e2080000,0x00000000e2080000,0x00000000e2580000)
  to   space 5120K, 0% used [0x00000000e2580000,0x00000000e2580000,0x00000000e2a80000)
 ParOldGen       total 87552K, used 2622K [0x00000000a0000000, 0x00000000a5580000, 0x00000000e0000000)
  object space 87552K, 2% used [0x00000000a0000000,0x00000000a028fae0,0x00000000a5580000)
 Metaspace       used 14086K, capacity 14310K, committed 14592K, reserved 1062912K
  class space    used 1633K, capacity 1725K, committed 1792K, reserved 1048576K
Event: 2.020 GC heap after
Heap after GC invocations=3 (full 1):
 PSYoungGen      total 38400K, used 5094K [0x00000000e0000000, 0x00000000e2a80000, 0x0000000100000000)
  eden space 33280K, 0% used [0x00000000e0000000,0x00000000e0000000,0x00000000e2080000)
  from space 5120K, 99% used [0x00000000e2580000,0x00000000e2a79988,0x00000000e2a80000)
  to   space 5120K, 0% used [0x00000000e2080000,0x00000000e2080000,0x00000000e2580000)
 ParOldGen       total 87552K, used 4886K [0x00000000a0000000, 0x00000000a5580000, 0x00000000e0000000)
  object space 87552K, 5% used [0x00000000a0000000,0x00000000a04c5ad8,0x00000000a5580000)
 Metaspace       used 14086K, capacity 14310K, committed 14592K, reserved 1062912K
  class space    used 1633K, capacity 1725K, committed 1792K, reserved 1048576K
}
Event: 2.128 GC heap before
{Heap before GC invocations=4 (full 1):
 PSYoungGen      total 38400K, used 9035K [0x00000000e0000000, 0x00000000e2a80000, 0x0000000100000000)
  eden space 33280K, 11% used [0x00000000e0000000,0x00000000e03d9510,0x00000000e2080000)
  from space 5120K, 99% used [0x00000000e2580000,0x00000000e2a79988,0x00000000e2a80000)
  to   space 5120K, 0% used [0x00000000e2080000,0x00000000e2080000,0x00000000e2580000)
 ParOldGen       total 87552K, used 4886K [0x00000000a0000000, 0x00000000a5580000, 0x00000000e0000000)
  object space 87552K, 5% used [0x00000000a0000000,0x00000000a04c5ad8,0x00000000a5580000)
 Metaspace       used 15445K, capacity 15664K, committed 15744K, reserved 1067008K
  class space    used 1810K, capacity 1892K, committed 1920K, reserved 1048576K
Event: 2.132 GC heap after
Heap after GC invocations=4 (full 1):
 PSYoungGen      total 38400K, used 3442K [0x00000000e0000000, 0x00000000e2a80000, 0x0000000100000000)
  eden space 33280K, 0% used [0x00000000e0000000,0x00000000e0000000,0x00000000e2080000)
  from space 5120K, 67% used [0x00000000e2080000,0x00000000e23dca28,0x00000000e2580000)
  to   space 5120K, 0% used [0x00000000e2580000,0x00000000e2580000,0x00000000e2a80000)
 ParOldGen       total 87552K, used 4894K [0x00000000a0000000, 0x00000000a5580000, 0x00000000e0000000)
  object space 87552K, 5% used [0x00000000a0000000,0x00000000a04c7ad8,0x00000000a5580000)
 Metaspace       used 15445K, capacity 15664K, committed 15744K, reserved 1067008K
  class space    used 1810K, capacity 1892K, committed 1920K, reserved 1048576K
}
Event: 2.132 GC heap before
{Heap before GC invocations=5 (full 2):
 PSYoungGen      total 38400K, used 3442K [0x00000000e0000000, 0x00000000e2a80000, 0x0000000100000000)
  eden space 33280K, 0% used [0x00000000e0000000,0x00000000e0000000,0x00000000e2080000)
  from space 5120K, 67% used [0x00000000e2080000,0x00000000e23dca28,0x00000000e2580000)
  to   space 5120K, 0% used [0x00000000e2580000,0x00000000e2580000,0x00000000e2a80000)
 ParOldGen       total 87552K, used 4894K [0x00000000a0000000, 0x00000000a5580000, 0x00000000e0000000)
  object space 87552K, 5% used [0x00000000a0000000,0x00000000a04c7ad8,0x00000000a5580000)
 Metaspace       used 15445K, capacity 15664K, committed 15744K, reserved 1067008K
  class space    used 1810K, capacity 1892K, committed 1920K, reserved 1048576K
Event: 2.151 GC heap after
Heap after GC invocations=5 (full 2):
 PSYoungGen      total 38400K, used 0K [0x00000000e0000000, 0x00000000e2a80000, 0x0000000100000000)
  eden space 33280K, 0% used [0x00000000e0000000,0x00000000e0000000,0x00000000e2080000)
  from space 5120K, 0% used [0x00000000e2080000,0x00000000e2080000,0x00000000e2580000)
  to   space 5120K, 0% used [0x00000000e2580000,0x00000000e2580000,0x00000000e2a80000)
 ParOldGen       total 55808K, used 4842K [0x00000000a0000000, 0x00000000a3680000, 0x00000000e0000000)
  object space 55808K, 8% used [0x00000000a0000000,0x00000000a04ba938,0x00000000a3680000)
 Metaspace       used 15445K, capacity 15664K, committed 15744K, reserved 1064960K
  class space    used 1810K, capacity 1892K, committed 1920K, reserved 1048576K
}
Event: 2.689 GC heap before
{Heap before GC invocations=6 (full 2):
 PSYoungGen      total 38400K, used 33280K [0x00000000e0000000, 0x00000000e2a80000, 0x0000000100000000)
  eden space 33280K, 100% used [0x00000000e0000000,0x00000000e2080000,0x00000000e2080000)
  from space 5120K, 0% used [0x00000000e2080000,0x00000000e2080000,0x00000000e2580000)
  to   space 5120K, 0% used [0x00000000e2580000,0x00000000e2580000,0x00000000e2a80000)
 ParOldGen       total 55808K, used 4842K [0x00000000a0000000, 0x00000000a3680000, 0x00000000e0000000)
  object space 55808K, 8% used [0x00000000a0000000,0x00000000a04ba938,0x00000000a3680000)
 Metaspace       used 22439K, capacity 22842K, committed 23168K, reserved 1071104K
  class space    used 2737K, capacity 2853K, committed 2944K, reserved 1048576K
Event: 2.695 GC heap after
Heap after GC invocations=6 (full 2):
 PSYoungGen      total 38400K, used 5096K [0x00000000e0000000, 0x00000000e2a80000, 0x0000000100000000)
  eden space 33280K, 0% used [0x00000000e0000000,0x00000000e0000000,0x00000000e2080000)
  from space 5120K, 99% used [0x00000000e2580000,0x00000000e2a7a3b0,0x00000000e2a80000)
  to   space 5120K, 0% used [0x00000000e2080000,0x00000000e2080000,0x00000000e2580000)
 ParOldGen       total 55808K, used 6953K [0x00000000a0000000, 0x00000000a3680000, 0x00000000e0000000)
  object space 55808K, 12% used [0x00000000a0000000,0x00000000a06ca648,0x00000000a3680000)
 Metaspace       used 22439K, capacity 22842K, committed 23168K, reserved 1071104K
  class space    used 2737K, capacity 2853K, committed 2944K, reserved 1048576K
}

