# JRE version: OpenJDK Runtime Environment (8.0_152-b01) (build 1.8.0_152-release-915-b01)
# Java VM: OpenJDK 64-Bit Server VM (25.152-b01 mixed mode windows-amd64 compressed oops)
Heap:
 PSYoungGen      total 71680K, used 26576K [0x00000000d5a00000, 0x00000000da500000, 0x0000000100000000)
  eden space 66560K, 39% used [0x00000000d5a00000,0x00000000d73f4148,0x00000000d9b00000)
  from space 5120K, 0% used [0x00000000d9b00000,0x00000000d9b00000,0x00000000da000000)
  to   space 5120K, 0% used [0x00000000da000000,0x00000000da000000,0x00000000da500000)
 ParOldGen       total 66560K, used 9469K [0x0000000080e00000, 0x0000000084f00000, 0x00000000d5a00000)
  object space 66560K, 14% used [0x0000000080e00000,0x000000008173f7d8,0x0000000084f00000)
 Metaspace       used 25017K, capacity 25368K, committed 25600K, reserved 1071104K
  class space    used 3177K, capacity 3320K, committed 3328K, reserved 1048576K
GC Heap History (8 events):
Event: 0.577 GC heap before
{Heap before GC invocations=1 (full 0):
 PSYoungGen      total 38400K, used 33280K [0x00000000d5a00000, 0x00000000d8480000, 0x0000000100000000)
  eden space 33280K, 100% used [0x00000000d5a00000,0x00000000d7a80000,0x00000000d7a80000)
  from space 5120K, 0% used [0x00000000d7f80000,0x00000000d7f80000,0x00000000d8480000)
  to   space 5120K, 0% used [0x00000000d7a80000,0x00000000d7a80000,0x00000000d7f80000)
 ParOldGen       total 87552K, used 0K [0x0000000080e00000, 0x0000000086380000, 0x00000000d5a00000)
  object space 87552K, 0% used [0x0000000080e00000,0x0000000080e00000,0x0000000086380000)
 Metaspace       used 9181K, capacity 9908K, committed 10112K, reserved 1058816K
  class space    used 1037K, capacity 1072K, committed 1152K, reserved 1048576K
Event: 0.583 GC heap after
Heap after GC invocations=1 (full 0):
 PSYoungGen      total 38400K, used 5090K [0x00000000d5a00000, 0x00000000da500000, 0x0000000100000000)
  eden space 33280K, 0% used [0x00000000d5a00000,0x00000000d5a00000,0x00000000d7a80000)
  from space 5120K, 99% used [0x00000000d7a80000,0x00000000d7f788f0,0x00000000d7f80000)
  to   space 5120K, 0% used [0x00000000da000000,0x00000000da000000,0x00000000da500000)
 ParOldGen       total 87552K, used 2870K [0x0000000080e00000, 0x0000000086380000, 0x00000000d5a00000)
  object space 87552K, 3% used [0x0000000080e00000,0x00000000810cdaa0,0x0000000086380000)
 Metaspace       used 9181K, capacity 9908K, committed 10112K, reserved 1058816K
  class space    used 1037K, capacity 1072K, committed 1152K, reserved 1048576K
}
Event: 1.051 GC heap before
{Heap before GC invocations=2 (full 0):
 PSYoungGen      total 38400K, used 38370K [0x00000000d5a00000, 0x00000000da500000, 0x0000000100000000)
  eden space 33280K, 100% used [0x00000000d5a00000,0x00000000d7a80000,0x00000000d7a80000)
  from space 5120K, 99% used [0x00000000d7a80000,0x00000000d7f788f0,0x00000000d7f80000)
  to   space 5120K, 0% used [0x00000000da000000,0x00000000da000000,0x00000000da500000)
 ParOldGen       total 87552K, used 2870K [0x0000000080e00000, 0x0000000086380000, 0x00000000d5a00000)
  object space 87552K, 3% used [0x0000000080e00000,0x00000000810cdaa0,0x0000000086380000)
 Metaspace       used 17996K, capacity 18312K, committed 18560K, reserved 1064960K
  class space    used 2284K, capacity 2370K, committed 2432K, reserved 1048576K
Event: 1.061 GC heap after
Heap after GC invocations=2 (full 0):
 PSYoungGen      total 71680K, used 5108K [0x00000000d5a00000, 0x00000000da500000, 0x0000000100000000)
  eden space 66560K, 0% used [0x00000000d5a00000,0x00000000d5a00000,0x00000000d9b00000)
  from space 5120K, 99% used [0x00000000da000000,0x00000000da4fd090,0x00000000da500000)
  to   space 5120K, 0% used [0x00000000d9b00000,0x00000000d9b00000,0x00000000da000000)
 ParOldGen       total 87552K, used 7641K [0x0000000080e00000, 0x0000000086380000, 0x00000000d5a00000)
  object space 87552K, 8% used [0x0000000080e00000,0x00000000815765c0,0x0000000086380000)
 Metaspace       used 17996K, capacity 18312K, committed 18560K, reserved 1064960K
  class space    used 2284K, capacity 2370K, committed 2432K, reserved 1048576K
}
Event: 1.295 GC heap before
{Heap before GC invocations=3 (full 0):
 PSYoungGen      total 71680K, used 30377K [0x00000000d5a00000, 0x00000000da500000, 0x0000000100000000)
  eden space 66560K, 37% used [0x00000000d5a00000,0x00000000d72ad6c0,0x00000000d9b00000)
  from space 5120K, 99% used [0x00000000da000000,0x00000000da4fd090,0x00000000da500000)
  to   space 5120K, 0% used [0x00000000d9b00000,0x00000000d9b00000,0x00000000da000000)
 ParOldGen       total 87552K, used 7641K [0x0000000080e00000, 0x0000000086380000, 0x00000000d5a00000)
  object space 87552K, 8% used [0x0000000080e00000,0x00000000815765c0,0x0000000086380000)
 Metaspace       used 20809K, capacity 21174K, committed 21248K, reserved 1067008K
  class space    used 2657K, capacity 2801K, committed 2816K, reserved 1048576K
Event: 1.305 GC heap after
Heap after GC invocations=3 (full 0):
 PSYoungGen      total 71680K, used 5117K [0x00000000d5a00000, 0x00000000da500000, 0x0000000100000000)
  eden space 66560K, 0% used [0x00000000d5a00000,0x00000000d5a00000,0x00000000d9b00000)
  from space 5120K, 99% used [0x00000000d9b00000,0x00000000d9fff4e8,0x00000000da000000)
  to   space 5120K, 0% used [0x00000000da000000,0x00000000da000000,0x00000000da500000)
 ParOldGen       total 87552K, used 12060K [0x0000000080e00000, 0x0000000086380000, 0x00000000d5a00000)
  object space 87552K, 13% used [0x0000000080e00000,0x00000000819c71f8,0x0000000086380000)
 Metaspace       used 20809K, capacity 21174K, committed 21248K, reserved 1067008K
  class space    used 2657K, capacity 2801K, committed 2816K, reserved 1048576K
}
Event: 1.305 GC heap before
{Heap before GC invocations=4 (full 1):
 PSYoungGen      total 71680K, used 5117K [0x00000000d5a00000, 0x00000000da500000, 0x0000000100000000)
  eden space 66560K, 0% used [0x00000000d5a00000,0x00000000d5a00000,0x00000000d9b00000)
  from space 5120K, 99% used [0x00000000d9b00000,0x00000000d9fff4e8,0x00000000da000000)
  to   space 5120K, 0% used [0x00000000da000000,0x00000000da000000,0x00000000da500000)
 ParOldGen       total 87552K, used 12060K [0x0000000080e00000, 0x0000000086380000, 0x00000000d5a00000)
  object space 87552K, 13% used [0x0000000080e00000,0x00000000819c71f8,0x0000000086380000)
 Metaspace       used 20809K, capacity 21174K, committed 21248K, reserved 1067008K
  class space    used 2657K, capacity 2801K, committed 2816K, reserved 1048576K
Event: 1.342 GC heap after
Heap after GC invocations=4 (full 1):
 PSYoungGen      total 71680K, used 0K [0x00000000d5a00000, 0x00000000da500000, 0x0000000100000000)
  eden space 66560K, 0% used [0x00000000d5a00000,0x00000000d5a00000,0x00000000d9b00000)
  from space 5120K, 0% used [0x00000000d9b00000,0x00000000d9b00000,0x00000000da000000)
  to   space 5120K, 0% used [0x00000000da000000,0x00000000da000000,0x00000000da500000)
 ParOldGen       total 66560K, used 9469K [0x0000000080e00000, 0x0000000084f00000, 0x00000000d5a00000)
  object space 66560K, 14% used [0x0000000080e00000,0x000000008173f7d8,0x0000000084f00000)
 Metaspace       used 20809K, capacity 21174K, committed 21248K, reserved 1067008K
  class space    used 2657K, capacity 2801K, committed 2816K, reserved 1048576K
}

