# JRE version: OpenJDK Runtime Environment (8.0_152-b01) (build 1.8.0_152-release-915-b01)
# Java VM: OpenJDK 64-Bit Server VM (25.152-b01 mixed mode windows-amd64 compressed oops)
Heap:
 PSYoungGen      total 190976K, used 111150K [0x00000000e0000000, 0x00000000ef000000, 0x0000000100000000)
  eden space 145408K, 63% used [0x00000000e0000000,0x00000000e59e0850,0x00000000e8e00000)
  from space 45568K, 41% used [0x00000000e8e00000,0x00000000ea0ab100,0x00000000eba80000)
  to   space 43520K, 0% used [0x00000000ec580000,0x00000000ec580000,0x00000000ef000000)
 ParOldGen       total 163840K, used 38166K [0x00000000a0000000, 0x00000000aa000000, 0x00000000e0000000)
  object space 163840K, 23% used [0x00000000a0000000,0x00000000a2545a40,0x00000000aa000000)
 Metaspace       used 62647K, capacity 64345K, committed 64680K, reserved 1105920K
  class space    used 7351K, capacity 7770K, committed 7856K, reserved 1048576K
GC Heap History (10 events):
Event: 764.738 GC heap before
{Heap before GC invocations=17 (full 4):
 PSYoungGen      total 145408K, used 111104K [0x00000000e0000000, 0x00000000ec480000, 0x0000000100000000)
  eden space 111104K, 100% used [0x00000000e0000000,0x00000000e6c80000,0x00000000e6c80000)
  from space 34304K, 0% used [0x00000000e9280000,0x00000000e9280000,0x00000000eb400000)
  to   space 38912K, 0% used [0x00000000e6c80000,0x00000000e6c80000,0x00000000e9280000)
 ParOldGen       total 163840K, used 38134K [0x00000000a0000000, 0x00000000aa000000, 0x00000000e0000000)
  object space 163840K, 23% used [0x00000000a0000000,0x00000000a253da40,0x00000000aa000000)
 Metaspace       used 58758K, capacity 59937K, committed 60312K, reserved 1101824K
  class space    used 6979K, capacity 7248K, committed 7344K, reserved 1048576K
Event: 764.769 GC heap after
Heap after GC invocations=17 (full 4):
 PSYoungGen      total 150016K, used 28952K [0x00000000e0000000, 0x00000000ed300000, 0x0000000100000000)
  eden space 111104K, 0% used [0x00000000e0000000,0x00000000e0000000,0x00000000e6c80000)
  from space 38912K, 74% used [0x00000000e6c80000,0x00000000e88c6258,0x00000000e9280000)
  to   space 40960K, 0% used [0x00000000eab00000,0x00000000eab00000,0x00000000ed300000)
 ParOldGen       total 163840K, used 38142K [0x00000000a0000000, 0x00000000aa000000, 0x00000000e0000000)
  object space 163840K, 23% used [0x00000000a0000000,0x00000000a253fa40,0x00000000aa000000)
 Metaspace       used 58758K, capacity 59937K, committed 60312K, reserved 1101824K
  class space    used 6979K, capacity 7248K, committed 7344K, reserved 1048576K
}
Event: 801.000 GC heap before
{Heap before GC invocations=18 (full 4):
 PSYoungGen      total 150016K, used 140056K [0x00000000e0000000, 0x00000000ed300000, 0x0000000100000000)
  eden space 111104K, 100% used [0x00000000e0000000,0x00000000e6c80000,0x00000000e6c80000)
  from space 38912K, 74% used [0x00000000e6c80000,0x00000000e88c6258,0x00000000e9280000)
  to   space 40960K, 0% used [0x00000000eab00000,0x00000000eab00000,0x00000000ed300000)
 ParOldGen       total 163840K, used 38142K [0x00000000a0000000, 0x00000000aa000000, 0x00000000e0000000)
  object space 163840K, 23% used [0x00000000a0000000,0x00000000a253fa40,0x00000000aa000000)
 Metaspace       used 60104K, capacity 61703K, committed 61864K, reserved 1103872K
  class space    used 7132K, capacity 7503K, committed 7600K, reserved 1048576K
Event: 801.028 GC heap after
Heap after GC invocations=18 (full 4):
 PSYoungGen      total 168960K, used 25734K [0x00000000e0000000, 0x00000000ed080000, 0x0000000100000000)
  eden space 130560K, 0% used [0x00000000e0000000,0x00000000e0000000,0x00000000e7f80000)
  from space 38400K, 67% used [0x00000000eab00000,0x00000000ec421b90,0x00000000ed080000)
  to   space 41472K, 0% used [0x00000000e7f80000,0x00000000e7f80000,0x00000000ea800000)
 ParOldGen       total 163840K, used 38142K [0x00000000a0000000, 0x00000000aa000000, 0x00000000e0000000)
  object space 163840K, 23% used [0x00000000a0000000,0x00000000a253fa40,0x00000000aa000000)
 Metaspace       used 60104K, capacity 61703K, committed 61864K, reserved 1103872K
  class space    used 7132K, capacity 7503K, committed 7600K, reserved 1048576K
}
Event: 907.778 GC heap before
{Heap before GC invocations=19 (full 4):
 PSYoungGen      total 168960K, used 156294K [0x00000000e0000000, 0x00000000ed080000, 0x0000000100000000)
  eden space 130560K, 100% used [0x00000000e0000000,0x00000000e7f80000,0x00000000e7f80000)
  from space 38400K, 67% used [0x00000000eab00000,0x00000000ec421b90,0x00000000ed080000)
  to   space 41472K, 0% used [0x00000000e7f80000,0x00000000e7f80000,0x00000000ea800000)
 ParOldGen       total 163840K, used 38142K [0x00000000a0000000, 0x00000000aa000000, 0x00000000e0000000)
  object space 163840K, 23% used [0x00000000a0000000,0x00000000a253fa40,0x00000000aa000000)
 Metaspace       used 60707K, capacity 62373K, committed 62632K, reserved 1103872K
  class space    used 7185K, capacity 7576K, committed 7600K, reserved 1048576K
Event: 907.818 GC heap after
Heap after GC invocations=19 (full 4):
 PSYoungGen      total 172032K, used 29876K [0x00000000e0000000, 0x00000000ee680000, 0x0000000100000000)
  eden space 130560K, 0% used [0x00000000e0000000,0x00000000e0000000,0x00000000e7f80000)
  from space 41472K, 72% used [0x00000000e7f80000,0x00000000e9cad330,0x00000000ea800000)
  to   space 43520K, 0% used [0x00000000ebc00000,0x00000000ebc00000,0x00000000ee680000)
 ParOldGen       total 163840K, used 38150K [0x00000000a0000000, 0x00000000aa000000, 0x00000000e0000000)
  object space 163840K, 23% used [0x00000000a0000000,0x00000000a2541a40,0x00000000aa000000)
 Metaspace       used 60707K, capacity 62373K, committed 62632K, reserved 1103872K
  class space    used 7185K, capacity 7576K, committed 7600K, reserved 1048576K
}
Event: 997.449 GC heap before
{Heap before GC invocations=20 (full 4):
 PSYoungGen      total 172032K, used 160436K [0x00000000e0000000, 0x00000000ee680000, 0x0000000100000000)
  eden space 130560K, 100% used [0x00000000e0000000,0x00000000e7f80000,0x00000000e7f80000)
  from space 41472K, 72% used [0x00000000e7f80000,0x00000000e9cad330,0x00000000ea800000)
  to   space 43520K, 0% used [0x00000000ebc00000,0x00000000ebc00000,0x00000000ee680000)
 ParOldGen       total 163840K, used 38150K [0x00000000a0000000, 0x00000000aa000000, 0x00000000e0000000)
  object space 163840K, 23% used [0x00000000a0000000,0x00000000a2541a40,0x00000000aa000000)
 Metaspace       used 61310K, capacity 63009K, committed 63272K, reserved 1105920K
  class space    used 7239K, capacity 7652K, committed 7728K, reserved 1048576K
Event: 997.481 GC heap after
Heap after GC invocations=20 (full 4):
 PSYoungGen      total 188928K, used 32730K [0x00000000e0000000, 0x00000000ee700000, 0x0000000100000000)
  eden space 145408K, 0% used [0x00000000e0000000,0x00000000e0000000,0x00000000e8e00000)
  from space 43520K, 75% used [0x00000000ebc00000,0x00000000edbf6b08,0x00000000ee680000)
  to   space 45568K, 0% used [0x00000000e8e00000,0x00000000e8e00000,0x00000000eba80000)
 ParOldGen       total 163840K, used 38158K [0x00000000a0000000, 0x00000000aa000000, 0x00000000e0000000)
  object space 163840K, 23% used [0x00000000a0000000,0x00000000a2543a40,0x00000000aa000000)
 Metaspace       used 61310K, capacity 63009K, committed 63272K, reserved 1105920K
  class space    used 7239K, capacity 7652K, committed 7728K, reserved 1048576K
}
Event: 1850.874 GC heap before
{Heap before GC invocations=21 (full 4):
 PSYoungGen      total 188928K, used 178138K [0x00000000e0000000, 0x00000000ee700000, 0x0000000100000000)
  eden space 145408K, 100% used [0x00000000e0000000,0x00000000e8e00000,0x00000000e8e00000)
  from space 43520K, 75% used [0x00000000ebc00000,0x00000000edbf6b08,0x00000000ee680000)
  to   space 45568K, 0% used [0x00000000e8e00000,0x00000000e8e00000,0x00000000eba80000)
 ParOldGen       total 163840K, used 38158K [0x00000000a0000000, 0x00000000aa000000, 0x00000000e0000000)
  object space 163840K, 23% used [0x00000000a0000000,0x00000000a2543a40,0x00000000aa000000)
 Metaspace       used 62323K, capacity 64055K, committed 64168K, reserved 1105920K
  class space    used 7320K, capacity 7765K, committed 7856K, reserved 1048576K
Event: 1850.895 GC heap after
Heap after GC invocations=21 (full 4):
 PSYoungGen      total 190976K, used 19116K [0x00000000e0000000, 0x00000000ef000000, 0x0000000100000000)
  eden space 145408K, 0% used [0x00000000e0000000,0x00000000e0000000,0x00000000e8e00000)
  from space 45568K, 41% used [0x00000000e8e00000,0x00000000ea0ab100,0x00000000eba80000)
  to   space 43520K, 0% used [0x00000000ec580000,0x00000000ec580000,0x00000000ef000000)
 ParOldGen       total 163840K, used 38166K [0x00000000a0000000, 0x00000000aa000000, 0x00000000e0000000)
  object space 163840K, 23% used [0x00000000a0000000,0x00000000a2545a40,0x00000000aa000000)
 Metaspace       used 62323K, capacity 64055K, committed 64168K, reserved 1105920K
  class space    used 7320K, capacity 7765K, committed 7856K, reserved 1048576K
}

